[dezykode.com/index.html]
[backblue.gif]
[fade.gif]
[index.html]
[dezykode.com/manifest.webmanifest]
[dezykode.com/sw.js]
[img1.wsimg.com/blobby/go/66f40e72-7c50-49d9-aa9b-3b320019d517/gpub/ca6f9a2e4cf2c8b2/script.js]
[connect.facebook.net/en_US/fbevents.js]
[img1.wsimg.com/blobby/go/66f40e72-7c50-49d9-aa9b-3b320019d517/gpub/5642c86ff4e66c19/script.js]
[img1.wsimg.com/ceph-p3-01/website-builder-data-prod/static/widgets/UX.4.43.0.js]
[img1.wsimg.com/signals/js/clients/tti/tti.min.js]
[dezykode.com/index.html]
[img1.wsimg.com/signals/js/clients/scc-c2/scc-c2.min.js]
[dezykode.com/a]
[dezykode.com/POST]
[dezykode.com/b.resolvedLink]
[dezykode.com/schema.org/index.html]
[dezykode.com/signals/iwl.js]
[connect.facebook.net/en_US/fbevents.js]
[dezykode.com/a.html]
[dezykode.com/POST.html]
[dezykode.com/schema.org/index.html]
[dezykode.com/b.html]
[dezykode.com/signals/iwl.html]
